TN:
SF:/Users/storgaard/Sites/dev/float/src/float.js
FN:4,(anonymous_1)
FN:25,(anonymous_2)
FN:31,(anonymous_3)
FN:34,(anonymous_4)
FN:37,(anonymous_5)
FN:40,(anonymous_6)
FN:43,(anonymous_7)
FN:46,(anonymous_8)
FN:49,(anonymous_9)
FNF:9
FNH:9
FNDA:91,(anonymous_1)
FNDA:79,(anonymous_2)
FNDA:6,(anonymous_3)
FNDA:6,(anonymous_4)
FNDA:7,(anonymous_5)
FNDA:7,(anonymous_6)
FNDA:7,(anonymous_7)
FNDA:7,(anonymous_8)
FNDA:7,(anonymous_9)
DA:4,1
DA:5,91
DA:6,91
DA:8,91
DA:9,0
DA:11,91
DA:12,91
DA:14,91
DA:15,0
DA:18,91
DA:19,91
DA:21,91
DA:22,91
DA:25,1
DA:26,79
DA:29,1
DA:32,6
DA:35,6
DA:38,7
DA:41,7
DA:44,7
DA:47,7
DA:50,7
LF:23
LH:21
BRDA:5,1,0,91
BRDA:5,1,1,0
BRDA:6,2,0,52
BRDA:6,2,1,39
BRDA:8,3,0,0
BRDA:8,3,1,91
BRDA:8,4,0,91
BRDA:8,4,1,91
BRDA:14,5,0,0
BRDA:14,5,1,91
BRDA:14,6,0,91
BRDA:14,6,1,91
BRDA:14,7,0,91
BRDA:14,7,1,91
BRDA:19,8,0,0
BRDA:19,8,1,91
BRDA:22,9,0,0
BRDA:22,9,1,91
BRF:18
BRH:13
end_of_record
